  coursework vs 2022.cpp
F:\Coding\c++\курсовая бгуир\1-coursework-bsuir\vs sln\coursework vs 2022\coursework vs 2022\crypto.h(8,21): warning C4129: ']': unrecognized character escape sequence
F:\Coding\c++\курсовая бгуир\1-coursework-bsuir\vs sln\coursework vs 2022\coursework vs 2022\crypto.h(9,22): warning C4129: '_': unrecognized character escape sequence
F:\Coding\c++\курсовая бгуир\1-coursework-bsuir\vs sln\coursework vs 2022\coursework vs 2022\input.h(47,22): warning C4129: ']': unrecognized character escape sequence
F:\Coding\c++\курсовая бгуир\1-coursework-bsuir\vs sln\coursework vs 2022\coursework vs 2022\input.h(73,22): warning C4129: ']': unrecognized character escape sequence
F:\Coding\c++\курсовая бгуир\1-coursework-bsuir\vs sln\coursework vs 2022\coursework vs 2022\coursework vs 2022.cpp(234,138): warning C4267: '=': conversion from 'size_t' to 'int', possible loss of data
F:\Coding\c++\курсовая бгуир\1-coursework-bsuir\vs sln\coursework vs 2022\coursework vs 2022\coursework vs 2022.cpp(355,28): warning C4267: '=': conversion from 'size_t' to 'int', possible loss of data
F:\Coding\c++\курсовая бгуир\1-coursework-bsuir\vs sln\coursework vs 2022\coursework vs 2022\coursework vs 2022.cpp(380,134): warning C4267: '=': conversion from 'size_t' to 'int', possible loss of data
F:\Coding\c++\курсовая бгуир\1-coursework-bsuir\vs sln\coursework vs 2022\coursework vs 2022\coursework vs 2022.cpp(677,9): warning C4477: 'printf' : format string '%*s' requires an argument of type 'int', but variadic argument 1 has type 'unsigned __int64'
F:\Coding\c++\курсовая бгуир\1-coursework-bsuir\vs sln\coursework vs 2022\coursework vs 2022\coursework vs 2022.cpp(677,9): message : this argument is used as a field width
F:\Coding\c++\курсовая бгуир\1-coursework-bsuir\vs sln\coursework vs 2022\coursework vs 2022\coursework vs 2022.cpp(683,9): warning C4477: 'printf' : format string '%*i' requires an argument of type 'int', but variadic argument 1 has type 'unsigned __int64'
F:\Coding\c++\курсовая бгуир\1-coursework-bsuir\vs sln\coursework vs 2022\coursework vs 2022\coursework vs 2022.cpp(683,9): message : this argument is used as a field width
F:\Coding\c++\курсовая бгуир\1-coursework-bsuir\vs sln\coursework vs 2022\coursework vs 2022\coursework vs 2022.cpp(728,145): warning C4267: '=': conversion from 'size_t' to 'int', possible loss of data
F:\Coding\c++\курсовая бгуир\1-coursework-bsuir\vs sln\coursework vs 2022\coursework vs 2022\coursework vs 2022.cpp(731,159): warning C4267: '=': conversion from 'size_t' to 'int', possible loss of data
F:\Coding\c++\курсовая бгуир\1-coursework-bsuir\vs sln\coursework vs 2022\coursework vs 2022\coursework vs 2022.cpp(1051,9): warning C4477: 'printf' : format string '%*s' requires an argument of type 'int', but variadic argument 1 has type 'unsigned __int64'
F:\Coding\c++\курсовая бгуир\1-coursework-bsuir\vs sln\coursework vs 2022\coursework vs 2022\coursework vs 2022.cpp(1051,9): message : this argument is used as a field width
F:\Coding\c++\курсовая бгуир\1-coursework-bsuir\vs sln\coursework vs 2022\coursework vs 2022\coursework vs 2022.cpp(1057,9): warning C4477: 'printf' : format string '%*i' requires an argument of type 'int', but variadic argument 1 has type 'unsigned __int64'
F:\Coding\c++\курсовая бгуир\1-coursework-bsuir\vs sln\coursework vs 2022\coursework vs 2022\coursework vs 2022.cpp(1057,9): message : this argument is used as a field width
F:\Coding\c++\курсовая бгуир\1-coursework-bsuir\vs sln\coursework vs 2022\coursework vs 2022\coursework vs 2022.cpp(1064,2): warning C4267: 'initializing': conversion from 'size_t' to 'int', possible loss of data
F:\Coding\c++\курсовая бгуир\1-coursework-bsuir\vs sln\coursework vs 2022\coursework vs 2022\coursework vs 2022.cpp(1147,148): warning C4267: '=': conversion from 'size_t' to 'int', possible loss of data
F:\Coding\c++\курсовая бгуир\1-coursework-bsuir\vs sln\coursework vs 2022\coursework vs 2022\coursework vs 2022.cpp(1150,154): warning C4267: '=': conversion from 'size_t' to 'int', possible loss of data
F:\Coding\c++\курсовая бгуир\1-coursework-bsuir\vs sln\coursework vs 2022\coursework vs 2022\coursework vs 2022.cpp(1153,160): warning C4267: '=': conversion from 'size_t' to 'int', possible loss of data
F:\Coding\c++\курсовая бгуир\1-coursework-bsuir\vs sln\coursework vs 2022\coursework vs 2022\coursework vs 2022.cpp(1156,184): warning C4267: '=': conversion from 'size_t' to 'int', possible loss of data
F:\Coding\c++\курсовая бгуир\1-coursework-bsuir\vs sln\coursework vs 2022\coursework vs 2022\coursework vs 2022.cpp(1159,170): warning C4267: '=': conversion from 'size_t' to 'int', possible loss of data
F:\Coding\c++\курсовая бгуир\1-coursework-bsuir\vs sln\coursework vs 2022\coursework vs 2022\coursework vs 2022.cpp(1162,172): warning C4267: '=': conversion from 'size_t' to 'int', possible loss of data
F:\Coding\c++\курсовая бгуир\1-coursework-bsuir\vs sln\coursework vs 2022\coursework vs 2022\coursework vs 2022.cpp(1165,186): warning C4267: '=': conversion from 'size_t' to 'int', possible loss of data
F:\Coding\c++\курсовая бгуир\1-coursework-bsuir\vs sln\coursework vs 2022\coursework vs 2022\input.h(18): warning C4715: 'input': not all control paths return a value
F:\Coding\c++\курсовая бгуир\1-coursework-bsuir\vs sln\coursework vs 2022\coursework vs 2022\coursework vs 2022.cpp(1113): warning C4715: 'getFreeTabelNumber': not all control paths return a value
F:\Coding\c++\курсовая бгуир\1-coursework-bsuir\vs sln\coursework vs 2022\coursework vs 2022\coursework vs 2022.cpp(1134): warning C4715: 'getFreeID': not all control paths return a value
F:\Coding\c++\курсовая бгуир\1-coursework-bsuir\vs sln\coursework vs 2022\coursework vs 2022\coursework vs 2022.cpp(1298): warning C4715: 'getTempParametr': not all control paths return a value
  coursework vs 2022.vcxproj -> F:\Coding\c++\курсовая бгуир\1-coursework-bsuir\vs sln\coursework vs 2022\x64\Debug\coursework vs 2022.exe
